[debug] [2023-01-07T05:25:25.581Z] ----------------------------------------------------------------------
[debug] [2023-01-07T05:25:25.588Z] Command:       C:\Program Files\nodejs\node.exe C:\Users\manim\AppData\Roaming\npm\node_modules\firebase-tools\lib\bin\firebase.js deploy
[debug] [2023-01-07T05:25:25.590Z] CLI Version:   11.19.0
[debug] [2023-01-07T05:25:25.590Z] Platform:      win32
[debug] [2023-01-07T05:25:25.590Z] Node Version:  v16.13.2
[debug] [2023-01-07T05:25:25.692Z] Time:          Sat Jan 07 2023 10:55:25 GMT+0530 (India Standard Time)
[debug] [2023-01-07T05:25:25.693Z] ----------------------------------------------------------------------
[debug] 
[debug] [2023-01-07T05:25:25.716Z] >>> [apiv2][query] GET https://firebase-public.firebaseio.com/cli.json [none]
[debug] [2023-01-07T05:25:25.890Z] > command requires scopes: ["email","openid","https://www.googleapis.com/auth/cloudplatformprojects.readonly","https://www.googleapis.com/auth/firebase","https://www.googleapis.com/auth/cloud-platform"]
[debug] [2023-01-07T05:25:25.890Z] > authorizing via signed-in user (mni.monga02@gmail.com)
[debug] [2023-01-07T05:25:25.891Z] [iam] checking project portfolio-mani for permissions ["firebase.projects.get","firebasehosting.sites.update"]
[debug] [2023-01-07T05:25:25.893Z] > refreshing access token with scopes: []
[debug] [2023-01-07T05:25:25.894Z] >>> [apiv2][query] POST https://www.googleapis.com/oauth2/v3/token [none]
[debug] [2023-01-07T05:25:25.894Z] >>> [apiv2][body] POST https://www.googleapis.com/oauth2/v3/token [omitted]
[debug] [2023-01-07T05:25:27.397Z] <<< [apiv2][status] GET https://firebase-public.firebaseio.com/cli.json 200
[debug] [2023-01-07T05:25:27.398Z] <<< [apiv2][body] GET https://firebase-public.firebaseio.com/cli.json {"cloudBuildErrorAfter":1594252800000,"cloudBuildWarnAfter":1590019200000,"defaultNode10After":1594252800000,"minVersion":"3.0.5","node8DeploysDisabledAfter":1613390400000,"node8RuntimeDisabledAfter":1615809600000,"node8WarnAfter":1600128000000}
[debug] [2023-01-07T05:25:27.882Z] <<< [apiv2][status] POST https://www.googleapis.com/oauth2/v3/token 200
[debug] [2023-01-07T05:25:27.882Z] <<< [apiv2][body] POST https://www.googleapis.com/oauth2/v3/token [omitted]
[debug] [2023-01-07T05:25:27.950Z] >>> [apiv2][query] POST https://cloudresourcemanager.googleapis.com/v1/projects/portfolio-mani:testIamPermissions [none]
[debug] [2023-01-07T05:25:27.950Z] >>> [apiv2][(partial)header] POST https://cloudresourcemanager.googleapis.com/v1/projects/portfolio-mani:testIamPermissions x-goog-quota-user=projects/portfolio-mani
[debug] [2023-01-07T05:25:27.951Z] >>> [apiv2][body] POST https://cloudresourcemanager.googleapis.com/v1/projects/portfolio-mani:testIamPermissions {"permissions":["firebase.projects.get","firebasehosting.sites.update"]}
[debug] [2023-01-07T05:25:29.695Z] <<< [apiv2][status] POST https://cloudresourcemanager.googleapis.com/v1/projects/portfolio-mani:testIamPermissions 200
[debug] [2023-01-07T05:25:29.696Z] <<< [apiv2][body] POST https://cloudresourcemanager.googleapis.com/v1/projects/portfolio-mani:testIamPermissions {"permissions":["firebase.projects.get","firebasehosting.sites.update"]}
[debug] [2023-01-07T05:25:29.701Z] >>> [apiv2][query] GET https://firebase.googleapis.com/v1beta1/projects/portfolio-mani [none]
[debug] [2023-01-07T05:25:31.820Z] <<< [apiv2][status] GET https://firebase.googleapis.com/v1beta1/projects/portfolio-mani 200
[debug] [2023-01-07T05:25:31.821Z] <<< [apiv2][body] GET https://firebase.googleapis.com/v1beta1/projects/portfolio-mani {"projectId":"portfolio-mani","projectNumber":"439440821178","displayName":"Portfolio-Mani","name":"projects/portfolio-mani","resources":{"hostingSite":"portfolio-mani"},"state":"ACTIVE","etag":"1_4d3af617-e274-435a-b478-a4f05c5f484b"}
[info] 
[info] === Deploying to 'portfolio-mani'...
[info] 
[info] i  deploying hosting 
[debug] [2023-01-07T05:25:31.846Z] >>> [apiv2][query] POST https://firebasehosting.googleapis.com/v1beta1/projects/-/sites/portfolio-mani/versions [none]
[debug] [2023-01-07T05:25:31.846Z] >>> [apiv2][body] POST https://firebasehosting.googleapis.com/v1beta1/projects/-/sites/portfolio-mani/versions {"status":"CREATED","labels":{"deployment-tool":"cli-firebase"}}
[debug] [2023-01-07T05:25:34.365Z] <<< [apiv2][status] POST https://firebasehosting.googleapis.com/v1beta1/projects/-/sites/portfolio-mani/versions 200
[debug] [2023-01-07T05:25:34.366Z] <<< [apiv2][body] POST https://firebasehosting.googleapis.com/v1beta1/projects/-/sites/portfolio-mani/versions {"name":"projects/439440821178/sites/portfolio-mani/versions/0b08b37cd808f8f1","status":"CREATED","config":{},"labels":{"deployment-tool":"cli-firebase"}}
[info] i  hosting[portfolio-mani]: beginning deploy... 
[info] i  hosting[portfolio-mani]: found 9 files in build 
[debug] [2023-01-07T05:25:34.395Z] [hosting] uploading with 200 concurrency
[debug] [2023-01-07T05:25:34.667Z] [hosting] hash cache [YnVpbGQ] stored for 9 files
[debug] [2023-01-07T05:25:34.670Z] [hosting][hash queue][FINAL] {"max":212,"min":4,"avg":38.22222222222222,"active":0,"complete":9,"success":9,"errored":0,"retried":0,"total":9,"elapsed":223}
[debug] [2023-01-07T05:25:34.671Z] >>> [apiv2][query] POST https://firebasehosting.googleapis.com/v1beta1/projects/439440821178/sites/portfolio-mani/versions/0b08b37cd808f8f1:populateFiles [none]
[debug] [2023-01-07T05:25:34.671Z] >>> [apiv2][body] POST https://firebasehosting.googleapis.com/v1beta1/projects/439440821178/sites/portfolio-mani/versions/0b08b37cd808f8f1:populateFiles {"files":{"/manifest.json":"4202b326db659993055593137c8247e30da0da8c9c47581357f237a9a9985a40","/robots.txt":"bfe106a3fb878dc83461c86818bf74fc1bdc7f28538ba613cd3e775516ce8b49","/asset-manifest.json":"52a5c413c9856c4daff144d83ea5d7eec4d3f54fc669a8264971b8c55676200d","/index.html":"df7fccb1ec57aa5ffef765cb182f0169768f25d31b3b040e1644d28ac0b6653d","/static/css/main.434dc5e7.css":"3231560737d9214516911b5de0b0da68a552ebd05eff63654a6f26f533aaa7cf","/static/js/main.13788943.js.LICENSE.txt":"974619f82c8be6bc27938c56eef242a434c94d510c19b336c69a75344fa8dd7d","/static/css/main.434dc5e7.css.map":"7a2475cfe51c655d49d3e7af587737c8090162c9eefcd70a0297b936dcf2de9d","/static/js/main.13788943.js":"c10a8b6bf7620d87cdb9579ff5977bc8b6002819d0f490a1dfe2f4ea9ff78d67","/static/js/main.13788943.js.map":"d2713b27fd328711038b969b662d0815dcd0bfa46adae8ce996588e8cf1edd89"}}
[debug] [2023-01-07T05:25:36.126Z] <<< [apiv2][status] POST https://firebasehosting.googleapis.com/v1beta1/projects/439440821178/sites/portfolio-mani/versions/0b08b37cd808f8f1:populateFiles 200
[debug] [2023-01-07T05:25:36.127Z] <<< [apiv2][body] POST https://firebasehosting.googleapis.com/v1beta1/projects/439440821178/sites/portfolio-mani/versions/0b08b37cd808f8f1:populateFiles {"uploadRequiredHashes":["7a2475cfe51c655d49d3e7af587737c8090162c9eefcd70a0297b936dcf2de9d","d2713b27fd328711038b969b662d0815dcd0bfa46adae8ce996588e8cf1edd89","3231560737d9214516911b5de0b0da68a552ebd05eff63654a6f26f533aaa7cf","df7fccb1ec57aa5ffef765cb182f0169768f25d31b3b040e1644d28ac0b6653d","c10a8b6bf7620d87cdb9579ff5977bc8b6002819d0f490a1dfe2f4ea9ff78d67","52a5c413c9856c4daff144d83ea5d7eec4d3f54fc669a8264971b8c55676200d"],"uploadUrl":"https://upload-firebasehosting.googleapis.com/upload/sites/portfolio-mani/versions/0b08b37cd808f8f1/files"}
[debug] [2023-01-07T05:25:36.131Z] >>> [apiv2][query] POST https://upload-firebasehosting.googleapis.com/upload/sites/portfolio-mani/versions/0b08b37cd808f8f1/files/7a2475cfe51c655d49d3e7af587737c8090162c9eefcd70a0297b936dcf2de9d [none]
[debug] [2023-01-07T05:25:36.131Z] >>> [apiv2][body] POST https://upload-firebasehosting.googleapis.com/upload/sites/portfolio-mani/versions/0b08b37cd808f8f1/files/7a2475cfe51c655d49d3e7af587737c8090162c9eefcd70a0297b936dcf2de9d [stream]
[debug] [2023-01-07T05:25:36.134Z] >>> [apiv2][query] POST https://upload-firebasehosting.googleapis.com/upload/sites/portfolio-mani/versions/0b08b37cd808f8f1/files/d2713b27fd328711038b969b662d0815dcd0bfa46adae8ce996588e8cf1edd89 [none]
[debug] [2023-01-07T05:25:36.134Z] >>> [apiv2][body] POST https://upload-firebasehosting.googleapis.com/upload/sites/portfolio-mani/versions/0b08b37cd808f8f1/files/d2713b27fd328711038b969b662d0815dcd0bfa46adae8ce996588e8cf1edd89 [stream]
[debug] [2023-01-07T05:25:36.136Z] >>> [apiv2][query] POST https://upload-firebasehosting.googleapis.com/upload/sites/portfolio-mani/versions/0b08b37cd808f8f1/files/3231560737d9214516911b5de0b0da68a552ebd05eff63654a6f26f533aaa7cf [none]
[debug] [2023-01-07T05:25:36.136Z] >>> [apiv2][body] POST https://upload-firebasehosting.googleapis.com/upload/sites/portfolio-mani/versions/0b08b37cd808f8f1/files/3231560737d9214516911b5de0b0da68a552ebd05eff63654a6f26f533aaa7cf [stream]
[debug] [2023-01-07T05:25:36.138Z] >>> [apiv2][query] POST https://upload-firebasehosting.googleapis.com/upload/sites/portfolio-mani/versions/0b08b37cd808f8f1/files/df7fccb1ec57aa5ffef765cb182f0169768f25d31b3b040e1644d28ac0b6653d [none]
[debug] [2023-01-07T05:25:36.138Z] >>> [apiv2][body] POST https://upload-firebasehosting.googleapis.com/upload/sites/portfolio-mani/versions/0b08b37cd808f8f1/files/df7fccb1ec57aa5ffef765cb182f0169768f25d31b3b040e1644d28ac0b6653d [stream]
[debug] [2023-01-07T05:25:36.142Z] >>> [apiv2][query] POST https://upload-firebasehosting.googleapis.com/upload/sites/portfolio-mani/versions/0b08b37cd808f8f1/files/c10a8b6bf7620d87cdb9579ff5977bc8b6002819d0f490a1dfe2f4ea9ff78d67 [none]
[debug] [2023-01-07T05:25:36.142Z] >>> [apiv2][body] POST https://upload-firebasehosting.googleapis.com/upload/sites/portfolio-mani/versions/0b08b37cd808f8f1/files/c10a8b6bf7620d87cdb9579ff5977bc8b6002819d0f490a1dfe2f4ea9ff78d67 [stream]
[debug] [2023-01-07T05:25:36.144Z] >>> [apiv2][query] POST https://upload-firebasehosting.googleapis.com/upload/sites/portfolio-mani/versions/0b08b37cd808f8f1/files/52a5c413c9856c4daff144d83ea5d7eec4d3f54fc669a8264971b8c55676200d [none]
[debug] [2023-01-07T05:25:36.144Z] >>> [apiv2][body] POST https://upload-firebasehosting.googleapis.com/upload/sites/portfolio-mani/versions/0b08b37cd808f8f1/files/52a5c413c9856c4daff144d83ea5d7eec4d3f54fc669a8264971b8c55676200d [stream]
[debug] [2023-01-07T05:25:36.147Z] [hosting][populate queue][FINAL] {"max":1466,"min":1466,"avg":1466,"active":0,"complete":1,"success":1,"errored":0,"retried":0,"total":1,"elapsed":1482}
[debug] [2023-01-07T05:25:36.147Z] [hosting] uploads queued: 6
[debug] [2023-01-07T05:25:38.514Z] <<< [apiv2][status] POST https://upload-firebasehosting.googleapis.com/upload/sites/portfolio-mani/versions/0b08b37cd808f8f1/files/52a5c413c9856c4daff144d83ea5d7eec4d3f54fc669a8264971b8c55676200d 200
[debug] [2023-01-07T05:25:38.515Z] <<< [apiv2][body] POST https://upload-firebasehosting.googleapis.com/upload/sites/portfolio-mani/versions/0b08b37cd808f8f1/files/52a5c413c9856c4daff144d83ea5d7eec4d3f54fc669a8264971b8c55676200d [stream]
[debug] [2023-01-07T05:25:38.518Z] <<< [apiv2][status] POST https://upload-firebasehosting.googleapis.com/upload/sites/portfolio-mani/versions/0b08b37cd808f8f1/files/df7fccb1ec57aa5ffef765cb182f0169768f25d31b3b040e1644d28ac0b6653d 200
[debug] [2023-01-07T05:25:38.519Z] <<< [apiv2][body] POST https://upload-firebasehosting.googleapis.com/upload/sites/portfolio-mani/versions/0b08b37cd808f8f1/files/df7fccb1ec57aa5ffef765cb182f0169768f25d31b3b040e1644d28ac0b6653d [stream]
[debug] [2023-01-07T05:25:38.950Z] <<< [apiv2][status] POST https://upload-firebasehosting.googleapis.com/upload/sites/portfolio-mani/versions/0b08b37cd808f8f1/files/7a2475cfe51c655d49d3e7af587737c8090162c9eefcd70a0297b936dcf2de9d 200
[debug] [2023-01-07T05:25:38.951Z] <<< [apiv2][body] POST https://upload-firebasehosting.googleapis.com/upload/sites/portfolio-mani/versions/0b08b37cd808f8f1/files/7a2475cfe51c655d49d3e7af587737c8090162c9eefcd70a0297b936dcf2de9d [stream]
[debug] [2023-01-07T05:25:39.041Z] <<< [apiv2][status] POST https://upload-firebasehosting.googleapis.com/upload/sites/portfolio-mani/versions/0b08b37cd808f8f1/files/3231560737d9214516911b5de0b0da68a552ebd05eff63654a6f26f533aaa7cf 200
[debug] [2023-01-07T05:25:39.042Z] <<< [apiv2][body] POST https://upload-firebasehosting.googleapis.com/upload/sites/portfolio-mani/versions/0b08b37cd808f8f1/files/3231560737d9214516911b5de0b0da68a552ebd05eff63654a6f26f533aaa7cf [stream]
[debug] [2023-01-07T05:25:39.173Z] <<< [apiv2][status] POST https://upload-firebasehosting.googleapis.com/upload/sites/portfolio-mani/versions/0b08b37cd808f8f1/files/c10a8b6bf7620d87cdb9579ff5977bc8b6002819d0f490a1dfe2f4ea9ff78d67 200
[debug] [2023-01-07T05:25:39.174Z] <<< [apiv2][body] POST https://upload-firebasehosting.googleapis.com/upload/sites/portfolio-mani/versions/0b08b37cd808f8f1/files/c10a8b6bf7620d87cdb9579ff5977bc8b6002819d0f490a1dfe2f4ea9ff78d67 [stream]
[debug] [2023-01-07T05:25:39.464Z] <<< [apiv2][status] POST https://upload-firebasehosting.googleapis.com/upload/sites/portfolio-mani/versions/0b08b37cd808f8f1/files/d2713b27fd328711038b969b662d0815dcd0bfa46adae8ce996588e8cf1edd89 200
[debug] [2023-01-07T05:25:39.464Z] <<< [apiv2][body] POST https://upload-firebasehosting.googleapis.com/upload/sites/portfolio-mani/versions/0b08b37cd808f8f1/files/d2713b27fd328711038b969b662d0815dcd0bfa46adae8ce996588e8cf1edd89 [stream]
[debug] [2023-01-07T05:25:39.464Z] [hosting][upload queue][FINAL] {"max":3335,"min":2386,"avg":2815.5,"active":0,"complete":6,"success":6,"errored":0,"retried":0,"total":6,"elapsed":3337}
[info] +  hosting[portfolio-mani]: file upload complete 
[debug] [2023-01-07T05:25:39.466Z] [hosting] deploy completed after 5097ms
[debug] [2023-01-07T05:25:39.470Z] [
  {
    "config": {
      "public": "build",
      "ignore": [
        "firebase.json",
        "**/.*",
        "**/node_modules/**"
      ],
      "rewrites": [
        {
          "source": "**",
          "destination": "/index.html"
        }
      ],
      "site": "portfolio-mani"
    },
    "version": "projects/439440821178/sites/portfolio-mani/versions/0b08b37cd808f8f1"
  }
]
[info] i  hosting[portfolio-mani]: finalizing version... 
[debug] [2023-01-07T05:25:39.476Z] >>> [apiv2][query] PATCH https://firebasehosting.googleapis.com/v1beta1/projects/-/sites/portfolio-mani/versions/0b08b37cd808f8f1 updateMask=status%2Cconfig
[debug] [2023-01-07T05:25:39.476Z] >>> [apiv2][body] PATCH https://firebasehosting.googleapis.com/v1beta1/projects/-/sites/portfolio-mani/versions/0b08b37cd808f8f1 {"status":"FINALIZED","config":{"rewrites":[{"glob":"**","path":"/index.html"}]}}
[debug] [2023-01-07T05:25:45.950Z] <<< [apiv2][status] PATCH https://firebasehosting.googleapis.com/v1beta1/projects/-/sites/portfolio-mani/versions/0b08b37cd808f8f1 200
[debug] [2023-01-07T05:25:45.950Z] <<< [apiv2][body] PATCH https://firebasehosting.googleapis.com/v1beta1/projects/-/sites/portfolio-mani/versions/0b08b37cd808f8f1 {"name":"projects/439440821178/sites/portfolio-mani/versions/0b08b37cd808f8f1","status":"FINALIZED","config":{"rewrites":[{"glob":"**","path":"/index.html"}]},"labels":{"deployment-tool":"cli-firebase"},"createTime":"2023-01-07T05:25:33.005305Z","createUser":{"email":"mni.monga02@gmail.com"},"finalizeTime":"2023-01-07T05:25:40.471488Z","finalizeUser":{"email":"mni.monga02@gmail.com"}}
[debug] [2023-01-07T05:25:45.951Z] [hosting] finalized version for portfolio-mani:[object Object]
[info] +  hosting[portfolio-mani]: version finalized 
[info] i  hosting[portfolio-mani]: releasing new version... 
[debug] [2023-01-07T05:25:45.956Z] >>> [apiv2][query] POST https://firebasehosting.googleapis.com/v1beta1/projects/-/sites/portfolio-mani/channels/live/releases versionName=projects%2F439440821178%2Fsites%2Fportfolio-mani%2Fversions%2F0b08b37cd808f8f1
[debug] [2023-01-07T05:25:45.957Z] >>> [apiv2][body] POST https://firebasehosting.googleapis.com/v1beta1/projects/-/sites/portfolio-mani/channels/live/releases {}
[debug] [2023-01-07T05:25:47.324Z] <<< [apiv2][status] POST https://firebasehosting.googleapis.com/v1beta1/projects/-/sites/portfolio-mani/channels/live/releases 200
[debug] [2023-01-07T05:25:47.324Z] <<< [apiv2][body] POST https://firebasehosting.googleapis.com/v1beta1/projects/-/sites/portfolio-mani/channels/live/releases {"name":"projects/439440821178/sites/portfolio-mani/channels/live/releases/1673069146016563","version":{"name":"projects/439440821178/sites/portfolio-mani/versions/0b08b37cd808f8f1","status":"FINALIZED","config":{"rewrites":[{"glob":"**","path":"/index.html"}]},"labels":{"deployment-tool":"cli-firebase"},"createTime":"2023-01-07T05:25:33.005305Z","createUser":{"email":"mni.monga02@gmail.com","imageUrl":"https://lh3.googleusercontent.com/a/AEdFTp62SATImdpCzlUWguvtWIWCGSDx46mYRoByQt8zgw"},"finalizeTime":"2023-01-07T05:25:40.471488Z","finalizeUser":{"email":"mni.monga02@gmail.com","imageUrl":"https://lh3.googleusercontent.com/a/AEdFTp62SATImdpCzlUWguvtWIWCGSDx46mYRoByQt8zgw"}},"type":"DEPLOY","releaseTime":"2023-01-07T05:25:46.016563779Z","releaseUser":{"email":"mni.monga02@gmail.com","imageUrl":"https://lh3.googleusercontent.com/a/AEdFTp62SATImdpCzlUWguvtWIWCGSDx46mYRoByQt8zgw"}}
[debug] [2023-01-07T05:25:47.324Z] [hosting] release: {"name":"projects/439440821178/sites/portfolio-mani/channels/live/releases/1673069146016563","version":{"name":"projects/439440821178/sites/portfolio-mani/versions/0b08b37cd808f8f1","status":"FINALIZED","config":{"rewrites":[{"glob":"**","path":"/index.html"}]},"labels":{"deployment-tool":"cli-firebase"},"createTime":"2023-01-07T05:25:33.005305Z","createUser":{"email":"mni.monga02@gmail.com","imageUrl":"https://lh3.googleusercontent.com/a/AEdFTp62SATImdpCzlUWguvtWIWCGSDx46mYRoByQt8zgw"},"finalizeTime":"2023-01-07T05:25:40.471488Z","finalizeUser":{"email":"mni.monga02@gmail.com","imageUrl":"https://lh3.googleusercontent.com/a/AEdFTp62SATImdpCzlUWguvtWIWCGSDx46mYRoByQt8zgw"}},"type":"DEPLOY","releaseTime":"2023-01-07T05:25:46.016563779Z","releaseUser":{"email":"mni.monga02@gmail.com","imageUrl":"https://lh3.googleusercontent.com/a/AEdFTp62SATImdpCzlUWguvtWIWCGSDx46mYRoByQt8zgw"}}
[info] +  hosting[portfolio-mani]: release complete 
